<?xml version="1.0" encoding="UTF-8"?>
<testng-results skipped="0" failed="0" ignored="0" total="1" passed="1">
  <reporter-output>
  </reporter-output>
  <suite name="Default suite" duration-ms="293" started-at="2019-11-15T12:06:45 IST" finished-at="2019-11-15T12:06:46 IST">
    <groups>
    </groups>
    <test name="Default test" duration-ms="293" started-at="2019-11-15T12:06:45 IST" finished-at="2019-11-15T12:06:46 IST">
      <class name="Database.Connectdatabase">
        <test-method status="PASS" signature="testDB()[pri:0, instance:Database.Connectdatabase@335eadca]" name="testDB" duration-ms="242" started-at="2019-11-15T12:06:45 IST" finished-at="2019-11-15T12:06:46 IST">
          <reporter-output>
          </reporter-output>
        </test-method> <!-- testDB -->
      </class> <!-- Database.Connectdatabase -->
    </test> <!-- Default test -->
  </suite> <!-- Default suite -->
</testng-results>
